[debug] [2017-07-15T11:33:47.168Z] ----------------------------------------------------------------------
[debug] [2017-07-15T11:33:47.188Z] Command:      /usr/local/bin/node /usr/local/bin/firebase serve
[debug] [2017-07-15T11:33:47.189Z] CLI Version:  3.9.1
[debug] [2017-07-15T11:33:47.190Z] Platform:     linux
[debug] [2017-07-15T11:33:47.190Z] Node Version: v7.4.0
[debug] [2017-07-15T11:33:47.190Z] Time:         Sat Jul 15 2017 06:33:47 GMT-0500 (CDT)
[debug] [2017-07-15T11:33:47.190Z] ----------------------------------------------------------------------
[debug] 
[debug] [2017-07-15T11:33:47.220Z] > command requires scopes: ["email","openid","https://www.googleapis.com/auth/cloudplatformprojects.readonly","https://www.googleapis.com/auth/firebase","https://www.googleapis.com/auth/cloud-platform"]
[debug] [2017-07-15T11:33:47.220Z] > authorizing via signed-in user
[debug] [2017-07-15T11:33:47.225Z] > refreshing access token with scopes: ["email","https://www.googleapis.com/auth/cloud-platform","https://www.googleapis.com/auth/cloudplatformprojects.readonly","https://www.googleapis.com/auth/firebase","openid"]
[debug] [2017-07-15T11:33:47.225Z] >>> HTTP REQUEST POST https://www.googleapis.com/oauth2/v3/token { refresh_token: '1/7_KpZxgUwbUeWdWOrTjSFu7Kya_mEU4vu8uVB2C6SfA',
  client_id: '563584335869-fgrhgmd47bqnekij5i8b5pr03ho849e6.apps.googleusercontent.com',
  client_secret: 'j9iVZfS8kkCEFUPaAeJV0sAi',
  grant_type: 'refresh_token',
  scope: 'email https://www.googleapis.com/auth/cloud-platform https://www.googleapis.com/auth/cloudplatformprojects.readonly https://www.googleapis.com/auth/firebase openid' } 
 Sat Jul 15 2017 06:33:47 GMT-0500 (CDT)
[debug] [2017-07-15T11:33:47.509Z] <<< HTTP RESPONSE 200
[debug] [2017-07-15T11:33:47.531Z] >>> HTTP REQUEST GET https://admin.firebase.com/v1/projects/kball17-df  
 Sat Jul 15 2017 06:33:47 GMT-0500 (CDT)
[debug] [2017-07-15T11:33:48.095Z] <<< HTTP RESPONSE 200
[debug] [2017-07-15T11:33:48.097Z] >>> HTTP REQUEST GET https://admin.firebase.com/v1/database/kball17-df/tokens  
 Sat Jul 15 2017 06:33:48 GMT-0500 (CDT)
[debug] [2017-07-15T11:33:48.425Z] <<< HTTP RESPONSE 200
[info] 
[info] === Serving from '/home/kevin/Documents/angularJS/chickenscratches'...
[info] 
[debug] [2017-07-15T11:33:48.433Z] >>> HTTP REQUEST GET https://cloudresourcemanager.googleapis.com/v1/projects/kball17-df  
 Sat Jul 15 2017 06:33:48 GMT-0500 (CDT)
[debug] [2017-07-15T11:33:49.040Z] <<< HTTP RESPONSE 200
[debug] [2017-07-15T11:33:49.042Z] >>> HTTP REQUEST GET https://mobilesdk-pa.googleapis.com/v1/projects/88054819590/clients/_:getWebAppConfig  
 Sat Jul 15 2017 06:33:49 GMT-0500 (CDT)
[debug] [2017-07-15T11:33:49.384Z] <<< HTTP RESPONSE 200
[info] i  hosting: Serving hosting files from: ChickenScratches
[info] ✔  hosting: Local server: http://localhost:5000

